C51 COMPILER V9.54   MAIN                                                                  01/23/2025 10:43:21 PAGE 1   


C51 COMPILER V9.54, COMPILATION OF MODULE MAIN
OBJECT MODULE PLACED IN .\OBJ\main.obj
COMPILER INVOKED BY: d:\Keil_v5\C51\BIN\C51.EXE USER\main.c OPTIMIZE(8,SPEED) BROWSE INCDIR(..\code;..\user) DEBUG OBJEC
                    -TEXTEND PRINT(.\main.lst) TABS(2) OBJECT(.\OBJ\main.obj)

line level    source

   1          #include "main.h"
   2          /************************************************************************************/
   3          //  nAsrStatus 用来在main主程序中表示程序运行的状态，不是LD3320芯片内部的状态寄存器
   4          //  LD_ASR_NONE:    表示没有在作ASR识别
   5          //  LD_ASR_RUNING：   表示LD3320正在作ASR识别中
   6          //  LD_ASR_FOUNDOK:   表示一次识别流程结束后，有一个识别结果
   7          //  LD_ASR_FOUNDZERO: 表示一次识别流程结束后，没有识别结果
   8          //  LD_ASR_ERROR:   表示一次识别流程中LD3320芯片内部出现不正确的状态
   9          /***********************************************************************************/
  10          unsigned char idata nAsrStatus=0; 
  11          unsigned char G0_flag=DISABLE;    //运行标志，ENABLE:运行。DISABLE:禁止运行 
  12          void MCU_init();          //单片机初始化
  13          void ProcessInt0();         //识别处理函数
  14          void delay(unsigned long uldata); //延时函数
  15          void User_handle(unsigned char dat);//用户执行操作函数
  16          void delay200ms();          //延时200ms
  17          void Led_test(void);        //单片机工作指示
  18          
  19          /***********************************************************
  20          * 名    称：void main(void)
  21          * 功    能：主函数程序入口
  22          * 入口参数：  
  23          * 出口参数：
  24          * 说    明：           
  25          * 调用方法： 
  26          **********************************************************/ 
  27          void main(void)
  28          {
  29   1        unsigned char idata nAsrRes;
  30   1        unsigned char i=0;
  31   1        Led_test();         //LED灯测试
  32   1        MCU_init();         //单片机初始化
  33   1        LD_Reset();         //LD3320复位
  34   1        UartIni();          //串口初始化
  35   1        nAsrStatus=LD_ASR_NONE;   //初始状态：没有在作ASR
  36   1      
  37   1        while(1)
  38   1        {
  39   2          switch(nAsrStatus)
  40   2          {
  41   3            case LD_ASR_RUNING:
  42   3            case LD_ASR_ERROR:break;
  43   3            case LD_ASR_NONE:
  44   3            {
  45   4              nAsrStatus=LD_ASR_RUNING;
  46   4              if(RunASR()==0)         //启动一次ASR识别流程：ASR初始化，ASR添加关键词语，启动ASR运算
  47   4              {
  48   5                nAsrStatus = LD_ASR_ERROR;
  49   5              }
  50   4              break;
  51   4            }
  52   3            case LD_ASR_FOUNDOK:        //一次ASR识别流程结束，去取ASR识别结果
  53   3            {       
  54   4              nAsrRes = LD_GetResult();   //获取结果
C51 COMPILER V9.54   MAIN                                                                  01/23/2025 10:43:21 PAGE 2   

  55   4              User_handle(nAsrRes);     //用户执行函数
  56   4              nAsrStatus = LD_ASR_NONE;
  57   4              break;
  58   4            }
  59   3            case LD_ASR_FOUNDZERO:
  60   3            default:
  61   3            {
  62   4              nAsrStatus = LD_ASR_NONE;
  63   4              break;
  64   4            }
  65   3          }     
  66   2        }
  67   1      }
  68          /***********************************************************
  69          * 名    称：LED灯测试
  70          * 功    能：单片机是否工作指示
  71          * 入口参数：无 
  72          * 出口参数：无
  73          * 说    明：           
  74          **********************************************************/
  75          void Led_test(void)
  76          {
  77   1        LED=~ LED;
  78   1        delay200ms();
  79   1        LED=~ LED;
  80   1        delay200ms();
  81   1        LED=~ LED;
  82   1        delay200ms();
  83   1        LED=~ LED;
  84   1        delay200ms();
  85   1        LED=~ LED;
  86   1        delay200ms();
  87   1        LED=~ LED;
  88   1      }
  89          /***********************************************************
  90          * 名    称： void MCU_init()
  91          * 功    能： 单片机初始化
  92          * 入口参数：  
  93          * 出口参数：
  94          * 说    明：           
  95          * 调用方法： 
  96          **********************************************************/ 
  97          void MCU_init()
  98          {
  99   1        P0=0xff;
 100   1        P1=0xff;
 101   1        P2=0xff;
 102   1        P3=0xff;
 103   1        P4=0xff;
 104   1      
 105   1        P1M0=0xff;  //P1端口设置为推挽输出功能，即提高IO口驱动能力，从驱动继电器模块工作
 106   1        P1M1=0x00;
 107   1      
 108   1        LD_MODE=0;  //设置MD管脚为低，并行模式读写
 109   1        IE0=1;
 110   1        EX0=1;
 111   1        EA=1;
 112   1      }
 113          void delay200us(void)
 114          {
 115   1          unsigned char a,b;
 116   1          for(b=1;b>0;b--)
C51 COMPILER V9.54   MAIN                                                                  01/23/2025 10:43:21 PAGE 3   

 117   1              for(a=97;a>0;a--);
 118   1      }
 119          void delay(unsigned long uldata)
 120          {
 121   1        unsigned int j=0;
 122   1        unsigned int g=0;
 123   1        while(uldata--)
 124   1        delay200us();
 125   1      }
 126          void delay200ms(void)
 127          {
 128   1          unsigned char a,b,c;
 129   1          for(c=4;c>0;c--)
 130   1              for(b=116;b>0;b--)
 131   1                  for(a=214;a>0;a--);
 132   1          _nop_();
 133   1      }
 134          void ExtInt0Handler(void) interrupt 0  
 135          {   
 136   1        ProcessInt0();        
 137   1      }
 138          /***********************************************************
 139          * 名    称：用户执行函数 
 140          * 功    能：识别成功后，执行动作可在此进行修改 
 141          * 入口参数：无 
 142          * 出口参数：无
 143          * 说    明：           
 144          **********************************************************/
 145          void User_handle(uint8 dat)
 146          {
 147   1        if(dat>0)
 148   1          dat=(dat-1)+'A';
 149   1        else
 150   1          dat='#';
 151   1        UARTSendByte(dat);//串口识别码（十六进制）  
 152   1        if(0==dat)
 153   1        {
 154   2          G0_flag=ENABLE;
 155   2          LED=0;
 156   2        }
 157   1        else if(ENABLE==G0_flag)
 158   1        { 
 159   2          G0_flag=DISABLE;
 160   2          LED=1;
 161   2      
 162   2        } 
 163   1        else  
 164   1        {
 165   2        }
 166   1      }


MODULE INFORMATION:   STATIC OVERLAYABLE
   CODE SIZE        =    295    ----
   CONSTANT SIZE    =   ----    ----
   XDATA SIZE       =   ----    ----
   PDATA SIZE       =   ----    ----
   DATA SIZE        =      1      10
   IDATA SIZE       =      1       1
   BIT SIZE         =   ----    ----
END OF MODULE INFORMATION.


C51 COMPILATION COMPLETE.  0 WARNING(S),  0 ERROR(S)
