C51 COMPILER V9.54   REG                                                                   03/04/2024 09:04:34 PAGE 1   


C51 COMPILER V9.54, COMPILATION OF MODULE REG
OBJECT MODULE PLACED IN .\OBJ\Reg.obj
COMPILER INVOKED BY: D:\Keil_v5\C51\BIN\C51.EXE USER\Reg.c OPTIMIZE(8,SPEED) BROWSE INCDIR(..\code;..\user) DEBUG OBJECT
                    -EXTEND PRINT(.\Reg.lst) TABS(2) OBJECT(.\OBJ\Reg.obj)

line level    source

   1          #include "main.h"
   2          #define LD_INDEX_PORT   (*((volatile unsigned char xdata*)(0x8100))) 
   3          #define LD_DATA_PORT    (*((volatile unsigned char xdata*)(0x8000))) 
   4          //评估板上 MCU的A8 连接到 LD芯片的AD
   5          //         MCU的A14 连接到 LD芯片的CSB
   6          //         MCU的RD、WR 连接 LD芯片的RD、WR (xdata 读写时自动产生低信号)
   7          //
   8          //0x8100的二进制是10000001 00000000   CSB=0 AD=1
   9          //                 ^     ^
  10          //0x8000的二进制是10000000 00000000   CSB=0 AD=0
  11          //                 ^     ^    
  12          void LD_WriteReg( unsigned char address,unsigned char dataout )
  13          {
  14   1        LD_INDEX_PORT=address;         
  15   1        LD_DATA_PORT=dataout;          
  16   1      }
  17          unsigned char LD_ReadReg(unsigned char address )
  18          {
  19   1        LD_INDEX_PORT=address;         
  20   1        return (unsigned char)LD_DATA_PORT;     
  21   1      }


MODULE INFORMATION:   STATIC OVERLAYABLE
   CODE SIZE        =     22    ----
   CONSTANT SIZE    =   ----    ----
   XDATA SIZE       =   ----    ----
   PDATA SIZE       =   ----    ----
   DATA SIZE        =   ----    ----
   IDATA SIZE       =   ----    ----
   BIT SIZE         =   ----    ----
END OF MODULE INFORMATION.


C51 COMPILATION COMPLETE.  0 WARNING(S),  0 ERROR(S)
