C51 COMPILER V9.54   USART                                                                 03/04/2024 09:04:33 PAGE 1   


C51 COMPILER V9.54, COMPILATION OF MODULE USART
OBJECT MODULE PLACED IN .\OBJ\usart.obj
COMPILER INVOKED BY: D:\Keil_v5\C51\BIN\C51.EXE USER\usart.c OPTIMIZE(8,SPEED) BROWSE INCDIR(..\code;..\user) DEBUG OBJE
                    -CTEXTEND PRINT(.\usart.lst) TABS(2) OBJECT(.\OBJ\usart.obj)

line level    source

   1          //每次识别时都需要说“小杰”这个口令，才能够进行下一级的识别
   2          #include "main.h"
   3          #define FOSC 22118400L      //系统时钟
   4          uint32_t baud=9600;         //串口波特率
   5          
   6          /************************************************************************
   7          函 数 名：串口初始化
   8          功能描述：STC10L08XE 单片机串口初始化函数
   9          返回函数：none
  10          其他说明：none
  11          **************************************************************************/
  12          void UartIni(void)
  13          {
  14   1          SCON=0x50;                  //8-bit variable UART
  15   1          TMOD=0x20;                  //Set Timer1 as 8-bit auto reload mode
  16   1          TH1=TL1=-(FOSC/12/32/baud);   //Set auto-reload vaule
  17   1          TR1=1;                      //Timer1 start run
  18   1          ES=1;                       //Enable UART interrupt
  19   1          EA=1;                       //Open master interrupt switch
  20   1      }
  21          /***********************************************************
  22          * 名    称： 
  23          * 功    能： 
  24          * 入口参数：无 
  25          * 出口参数：无
  26          * 说    明：           
  27          **********************************************************/
  28          void Uart_Isr() interrupt 4 using 1
  29          { 
  30   1        if(RI)
  31   1        {   
  32   2        }
  33   1      }
  34          /************************************************************************
  35          功能描述：串口发送一字节数据
  36          入口参数：DAT:带发送的数据
  37          返 回 值：none
  38          其他说明：none
  39          **************************************************************************/
  40          void UARTSendByte(uint8_t DAT)
  41          {
  42   1        ES=0;
  43   1        TI=0;
  44   1        SBUF=DAT;
  45   1        while(TI==0);
  46   1        TI=0;
  47   1        ES=1;
  48   1      }
  49          


MODULE INFORMATION:   STATIC OVERLAYABLE
   CODE SIZE        =     54    ----
   CONSTANT SIZE    =   ----    ----
C51 COMPILER V9.54   USART                                                                 03/04/2024 09:04:33 PAGE 2   

   XDATA SIZE       =   ----    ----
   PDATA SIZE       =   ----    ----
   DATA SIZE        =      2    ----
   IDATA SIZE       =   ----    ----
   BIT SIZE         =   ----    ----
END OF MODULE INFORMATION.


C51 COMPILATION COMPLETE.  0 WARNING(S),  0 ERROR(S)
