C51 COMPILER V9.52.0.0   MAIN                                                              07/15/2021 13:56:40 PAGE 1   


C51 COMPILER V9.52.0.0, COMPILATION OF MODULE MAIN
OBJECT MODULE PLACED IN .\out\main.obj
COMPILER INVOKED BY: E:\Keil\C51\BIN\C51.EXE main.c BROWSE PRINT(.\list\main.lst) TABS(2) OBJECT(.\out\main.obj)

line level    source

   1          #include "reg52.h"
   2          #include "RTX51TNY.H"
   3          #include "MyDemo.h"
   4          sbit LED1 = P2^0;
   5          sbit LED2 = P2^1;
   6          void main0() _task_ 0
   7          {
   8   1        Lcd1602_Display_Init();
   9   1        Lcd1602_Display_String(0,0,"hello world");  
  10   1        os_create_task(1);    //添加任务到列表  
  11   1        while(1)
  12   1        {
  13   2          LED1 = 0;
  14   2          os_wait(K_TMO,100,0);
  15   2          LED1 = 1;
  16   2          os_wait(K_TMO,100,0);
  17   2          os_switch_task();
  18   2        }
  19   1      }
  20          
  21          void main1() _task_ 1 
  22          {
  23   1        
  24   1        while(1)
  25   1        {
  26   2          LED2 = 0;
  27   2          os_wait(K_TMO,100,0);
  28   2          LED2 = 1;
  29   2          os_wait(K_TMO,100,0);
  30   2          os_switch_task();   
  31   2        }
  32   1      }


MODULE INFORMATION:   STATIC OVERLAYABLE
   CODE SIZE        =     78    ----
   CONSTANT SIZE    =     12    ----
   XDATA SIZE       =   ----    ----
   PDATA SIZE       =   ----    ----
   DATA SIZE        =   ----    ----
   IDATA SIZE       =   ----    ----
   BIT SIZE         =   ----    ----
END OF MODULE INFORMATION.


C51 COMPILATION COMPLETE.  0 WARNING(S),  0 ERROR(S)
