C51 COMPILER V9.54   MAIN                                                                  03/15/2024 14:26:12 PAGE 1   


C51 COMPILER V9.54, COMPILATION OF MODULE MAIN
OBJECT MODULE PLACED IN .\out\main.obj
COMPILER INVOKED BY: D:\Keil_v5\C51\BIN\C51.EXE main.c OPTIMIZE(8,SPEED) BROWSE DEBUG OBJECTEXTEND PRINT(.\list\main.lst
                    -) TABS(2) OBJECT(.\out\main.obj)

line level    source

   1          #include "MyDemo.h"
   2          
   3          extern uchar xdata gps_flag;      //GPS处理标志
   4          extern char xdata rev_buf[80];        //接收缓存
   5          extern uchar xdata rev_stop ;     //接收停止标志
   6          
   7          GPS_INFO xdata  GPS; 
   8          
   9          
  10          
  11                                  
  12          
  13          
  14          
  15          void main()
  16          {
  17   1      
  18   1        UART0_Init_Demo();
  19   1        Init12864();
  20   1        showStr(0,0,"卫星值:         ");
  21   1        showStr(2,0,"                ");
  22   1        showStr(4,0,"纬度:           ");
  23   1        showStr(6,0,"经度:           ");
  24   1        while(1)
  25   1        {
  26   2          
  27   2          if(rev_stop)   //如果接收完一行
  28   2          {
  29   3      
  30   3              if (GPS_GGA_Parse(rev_buf, &GPS))  //解析GPGGA
  31   3              {
  32   4      
  33   4                gps_flag = 0;
  34   4                rev_stop  = 0;
  35   4                showThreeNum(0,8*7,GPS.direction);
  36   4                //showThreeNum(2,8*7,GPS.speed);
  37   4                if(GPS.speed==15)
  38   4                {
  39   5                  showStr(2,0,"固定解");
  40   5                }else
  41   4                {
  42   5                  showStr(2,0,"未收敛");
  43   5                }
  44   4                showStr(4,8*5,GPS.la_arry);
  45   4                showStr(6,8*5,GPS.lo_arry);
  46   4                //showwei(4,8*5,GPS.longitude);
  47   4                //showJIN(6,8*5,GPS.latitude);
  48   4              }
  49   3              rev_stop  = 0;
  50   3      
  51   3          }
  52   2      
  53   2          DelayMs_utrl(100);
  54   2        }
C51 COMPILER V9.54   MAIN                                                                  03/15/2024 14:26:12 PAGE 2   

  55   1      }


MODULE INFORMATION:   STATIC OVERLAYABLE
   CODE SIZE        =    211    ----
   CONSTANT SIZE    =     82    ----
   XDATA SIZE       =     70    ----
   PDATA SIZE       =   ----    ----
   DATA SIZE        =   ----    ----
   IDATA SIZE       =   ----    ----
   BIT SIZE         =   ----    ----
END OF MODULE INFORMATION.


C51 COMPILATION COMPLETE.  0 WARNING(S),  0 ERROR(S)
